#
# A fatal error has been detected by the Java Runtime Environment:
#
#  EXCEPTION_ACCESS_VIOLATION (0xc0000005) at pc=0x000000005b06b4eb, pid=8712, tid=0x0000000000000de4
#
# JRE version: Java(TM) SE Runtime Environment (8.0_261-b12) (build 1.8.0_261-b12)
# Java VM: Java HotSpot(TM) 64-Bit Server VM (25.261-b12 mixed mode windows-amd64 compressed oops)
# Problematic frame:
# V  [jvm.dll+0x21b4eb]
#
# Failed to write core dump. Minidumps are not enabled by default on client versions of Windows
#
# If you would like to submit a bug report, please visit:
#   http://bugreport.java.com/bugreport/crash.jsp
#

---------------  T H R E A D  ---------------

Current thread (0x00000270f7f34000):  JavaThread "Thread-284" daemon [_thread_in_vm, id=3556, stack(0x000000f2eb100000,0x000000f2eb200000)]

siginfo: ExceptionCode=0xc0000005, writing address 0x000000f2eb1fa270

Registers:
RAX=0x0000000000000006, RBX=0x0000000000000006, RCX=0x000000f2eb1fa270, RDX=0x0000000000005000
RSP=0x000000f2eb1ff270, RBP=0x000000f2eb1ff370, RSI=0x0000000000000006, RDI=0x00000270f41cedf8
R8 =0x0000000000000005, R9 =0x0000000000000006, R10=0x00000270f75df4f0, R11=0x00000270f41cedf8
R12=0x00000270f7afcbc0, R13=0x000000f2eb1ff640, R14=0x000000f2eb1ff570, R15=0x000000f2eb1ff270
RIP=0x000000005b06b4eb, EFLAGS=0x0000000000010206

Top of Stack: (sp=0x000000f2eb1ff270)
0x000000f2eb1ff270:   00000270f7f34000 0000000000000001
0x000000f2eb1ff280:   00000270f41cedf8 000000005af26d3a
0x000000f2eb1ff290:   00000270f41cedf8 00000270f7f34000
0x000000f2eb1ff2a0:   0000000000000000 0000000000000000
0x000000f2eb1ff2b0:   0000000a00006c00 00000270f41cedf8
0x000000f2eb1ff2c0:   00000270f7f34000 00000270e0626e20
0x000000f2eb1ff2d0:   0000000000000001 00000270debf0000
0x000000f2eb1ff2e0:   00000270f41cedf8 0000000000000001
0x000000f2eb1ff2f0:   0000027000000005 00000270f7f34000
0x000000f2eb1ff300:   00000270f41cedf8 00000270f7f34000
0x000000f2eb1ff310:   00000270f41cedf8 00000270f7f34000
0x000000f2eb1ff320:   00000270f7f34000 00000270f7f34000
0x000000f2eb1ff330:   0000000000000005 00000270f41cedf8
0x000000f2eb1ff340:   0000000100006c48 000000005af2bfc7
0x000000f2eb1ff350:   00000270f7afcbc0 000000f2eb1ff3b1
0x000000f2eb1ff360:   00000270f41cedf8 000000005b190dab 

Instructions: (pc=0x000000005b06b4eb)
0x000000005b06b4cb:   f8 7c 33 48 8b de e8 5a 96 08 00 48 63 d0 ff c6
0x000000005b06b4db:   48 0f af d3 49 8b cf 48 63 c6 48 2b ca 48 ff c3
0x000000005b06b4eb:   c7 01 00 00 00 00 48 3b 05 d8 ce 55 00 7e d7 48
0x000000005b06b4fb:   8b 9d e8 00 00 00 48 8d 54 24 48 48 8d 4d 50 e8 


Register to memory mapping:

RAX=0x0000000000000006 is an unknown value
RBX=0x0000000000000006 is an unknown value
RCX=0x000000f2eb1fa270 is pointing into the stack for thread: 0x00000270f7f34000
RDX=0x0000000000005000 is an unknown value
RSP=0x000000f2eb1ff270 is pointing into the stack for thread: 0x00000270f7f34000
RBP=0x000000f2eb1ff370 is pointing into the stack for thread: 0x00000270f7f34000
RSI=0x0000000000000006 is an unknown value
RDI={method} {0x00000270f41cee00} 'run' '()V' in 'java/lang/Thread'
R8 =0x0000000000000005 is an unknown value
R9 =0x0000000000000006 is an unknown value
R10=0x00000270f75df4f0 is an unknown value
R11={method} {0x00000270f41cee00} 'run' '()V' in 'java/lang/Thread'
R12=0x00000270f7afcbc0 is an unknown value
R13=0x000000f2eb1ff640 is pointing into the stack for thread: 0x00000270f7f34000
R14=0x000000f2eb1ff570 is pointing into the stack for thread: 0x00000270f7f34000
R15=0x000000f2eb1ff270 is pointing into the stack for thread: 0x00000270f7f34000


Stack: [0x000000f2eb100000,0x000000f2eb200000],  sp=0x000000f2eb1ff270,  free space=1020k
Native frames: (J=compiled Java code, j=interpreted, Vv=VM code, C=native code)
V  [jvm.dll+0x21b4eb]


---------------  P R O C E S S  ---------------

Java Threads: ( => current thread )
=>0x00000270f7f34000 JavaThread "Thread-284" daemon [_thread_in_vm, id=3556, stack(0x000000f2eb100000,0x000000f2eb200000)]
  0x00000270f7f35000 JavaThread "HikariPool-1 housekeeper" daemon [_thread_blocked, id=9996, stack(0x000000f2ed900000,0x000000f2eda00000)]
  0x00000270f7f35800 JavaThread "DestroyJavaVM" [_thread_blocked, id=12180, stack(0x000000f2eb300000,0x000000f2eb400000)]
  0x00000270f8042800 JavaThread "http-nio-8080-Acceptor" daemon [_thread_in_native, id=6124, stack(0x000000f2ed800000,0x000000f2ed900000)]
  0x00000270f8042000 JavaThread "http-nio-8080-ClientPoller" daemon [_thread_in_native, id=10616, stack(0x000000f2ed700000,0x000000f2ed800000)]
  0x00000270f8041000 JavaThread "http-nio-8080-exec-10" daemon [_thread_blocked, id=7488, stack(0x000000f2ed600000,0x000000f2ed700000)]
  0x00000270f803d800 JavaThread "http-nio-8080-exec-9" daemon [_thread_blocked, id=7228, stack(0x000000f2ed500000,0x000000f2ed600000)]
  0x00000270f803e000 JavaThread "http-nio-8080-exec-8" daemon [_thread_in_native, id=8304, stack(0x000000f2ed400000,0x000000f2ed500000)]
  0x00000270f8040800 JavaThread "http-nio-8080-exec-7" daemon [_thread_blocked, id=10828, stack(0x000000f2ed300000,0x000000f2ed400000)]
  0x00000270f803c800 JavaThread "http-nio-8080-exec-6" daemon [_thread_blocked, id=9444, stack(0x000000f2ed200000,0x000000f2ed300000)]
  0x00000270f803f800 JavaThread "http-nio-8080-exec-5" daemon [_thread_blocked, id=8356, stack(0x000000f2ed100000,0x000000f2ed200000)]
  0x00000270f803f000 JavaThread "http-nio-8080-exec-4" daemon [_thread_blocked, id=12484, stack(0x000000f2ed000000,0x000000f2ed100000)]
  0x00000270f8043800 JavaThread "http-nio-8080-exec-3" daemon [_thread_blocked, id=10232, stack(0x000000f2ecf00000,0x000000f2ed000000)]
  0x00000270f803c000 JavaThread "http-nio-8080-exec-2" daemon [_thread_blocked, id=1108, stack(0x000000f2ece00000,0x000000f2ecf00000)]
  0x00000270f803b000 JavaThread "http-nio-8080-exec-1" daemon [_thread_blocked, id=7316, stack(0x000000f2ecd00000,0x000000f2ece00000)]
  0x00000270f8027800 JavaThread "http-nio-8080-BlockPoller" daemon [_thread_in_native, id=7204, stack(0x000000f2ecc00000,0x000000f2ecd00000)]
  0x00000270f7b17000 JavaThread "container-0" [_thread_blocked, id=6920, stack(0x000000f2ec800000,0x000000f2ec900000)]
  0x00000270f7b16000 JavaThread "Catalina-utility-2" [_thread_blocked, id=12520, stack(0x000000f2ec700000,0x000000f2ec800000)]
  0x00000270f7b15800 JavaThread "Catalina-utility-1" [_thread_blocked, id=1116, stack(0x000000f2ec600000,0x000000f2ec700000)]
  0x00000270f641f000 JavaThread "RMI TCP Accept-0" daemon [_thread_in_native, id=8560, stack(0x000000f2ec400000,0x000000f2ec500000)]
  0x00000270f6146800 JavaThread "Service Thread" daemon [_thread_blocked, id=7648, stack(0x000000f2ec300000,0x000000f2ec400000)]
  0x00000270f613d000 JavaThread "C1 CompilerThread2" daemon [_thread_blocked, id=8392, stack(0x000000f2ec200000,0x000000f2ec300000)]
  0x00000270f6133000 JavaThread "C2 CompilerThread1" daemon [_thread_blocked, id=10896, stack(0x000000f2ec100000,0x000000f2ec200000)]
  0x00000270f60e0800 JavaThread "C2 CompilerThread0" daemon [_thread_blocked, id=3316, stack(0x000000f2ec000000,0x000000f2ec100000)]
  0x00000270f4c20000 JavaThread "JDWP Command Reader" daemon [_thread_in_native, id=228, stack(0x000000f2ebf00000,0x000000f2ec000000)]
  0x00000270f4c1c000 JavaThread "JDWP Event Helper Thread" daemon [_thread_blocked, id=13748, stack(0x000000f2ebe00000,0x000000f2ebf00000)]
  0x00000270f4c10800 JavaThread "JDWP Transport Listener: dt_socket" daemon [_thread_blocked, id=1680, stack(0x000000f2ebd00000,0x000000f2ebe00000)]
  0x00000270f4bb1000 JavaThread "Attach Listener" daemon [_thread_blocked, id=5744, stack(0x000000f2ebc00000,0x000000f2ebd00000)]
  0x00000270f4c06000 JavaThread "Signal Dispatcher" daemon [_thread_blocked, id=6448, stack(0x000000f2ebb00000,0x000000f2ebc00000)]
  0x00000270f4b7f800 JavaThread "Finalizer" daemon [_thread_blocked, id=9876, stack(0x000000f2eba00000,0x000000f2ebb00000)]
  0x00000270f4b76000 JavaThread "Reference Handler" daemon [_thread_blocked, id=3336, stack(0x000000f2eb900000,0x000000f2eba00000)]

Other Threads:
  0x00000270f4b48800 VMThread [stack: 0x000000f2eb800000,0x000000f2eb900000] [id=13988]
  0x00000270f6427800 WatcherThread [stack: 0x000000f2ec500000,0x000000f2ec600000] [id=7308]

VM state:not at safepoint (normal execution)

VM Mutex/Monitor currently owned by a thread: None

heap address: 0x0000000084c00000, size: 1972 MB, Compressed Oops mode: 32-bit
Narrow klass base: 0x0000000000000000, Narrow klass shift: 3
Compressed class space size: 1073741824 Address: 0x0000000100000000

Heap:
 PSYoungGen      total 211968K, used 210159K [0x00000000d6f00000, 0x00000000e9800000, 0x0000000100000000)
  eden space 202240K, 99% used [0x00000000d6f00000,0x00000000e332fd70,0x00000000e3480000)
  from space 9728K, 95% used [0x00000000e8500000,0x00000000e8e0c0a0,0x00000000e8e80000)
  to   space 9728K, 0% used [0x00000000e8e80000,0x00000000e8e80000,0x00000000e9800000)
 ParOldGen       total 87552K, used 31160K [0x0000000084c00000, 0x000000008a180000, 0x00000000d6f00000)
  object space 87552K, 35% used [0x0000000084c00000,0x0000000086a6e168,0x000000008a180000)
 Metaspace       used 51759K, capacity 57082K, committed 57344K, reserved 1099776K
  class space    used 6530K, capacity 7383K, committed 7424K, reserved 1048576K

Card table byte_map: [0x00000270ef9a0000,0x00000270efd80000] byte_map_base: 0x00000270ef57a000

Marking Bits: (ParMarkBitMap*) 0x000000005b644fb0
 Begin Bits: [0x00000270f0020000, 0x00000270f1ef0000)
 End Bits:   [0x00000270f1ef0000, 0x00000270f3dc0000)

Polling page: 0x00000270decf0000

CodeCache: size=245760Kb used=19387Kb max_used=19387Kb free=226372Kb
 bounds [0x00000270e05e0000, 0x00000270e18e0000, 0x00000270ef5e0000]
 total_blobs=10218 nmethods=9679 adapters=458
 compilation: enabled

Compilation events (10 events):
Event: 3669.717 Thread 0x00000270f613d000 9810 %     1       net.sf.jsqlparser.parser.CCJSqlParser::<init> @ 158 (209 bytes)
Event: 3669.718 Thread 0x00000270f613d000 nmethod 9810% 0x00000270e18d0690 code [0x00000270e18d0860, 0x00000270e18d11a0]
Event: 3669.725 Thread 0x00000270f613d000 9811       1       com.baomidou.mybatisplus.extension.plugins.pagination.Page::getCurrent (5 bytes)
Event: 3669.725 Thread 0x00000270f613d000 nmethod 9811 0x00000270e18d1650 code [0x00000270e18d17a0, 0x00000270e18d18b8]
Event: 3783.823 Thread 0x00000270f613d000 9812       1       org.apache.catalina.core.StandardHost$MemoryLeakTrackingListener::lifecycleEvent (66 bytes)
Event: 3783.931 Thread 0x00000270f613d000 nmethod 9812 0x00000270e18d1910 code [0x00000270e18d1ac0, 0x00000270e18d1df0]
Event: 3783.931 Thread 0x00000270f613d000 9813       1       org.springframework.boot.web.embedded.tomcat.TomcatServletWebServerFactory$DisablePersistSessionListener::lifecycleEvent (43 bytes)
Event: 3783.948 Thread 0x00000270f613d000 nmethod 9813 0x00000270e18d2010 code [0x00000270e18d21a0, 0x00000270e18d24d0]
Event: 3791.828 Thread 0x00000270f613d000 9818       1       com.zaxxer.hikari.HikariConfig::getCatalog (5 bytes)
Event: 3791.828 Thread 0x00000270f613d000 nmethod 9818 0x00000270e18d2710 code [0x00000270e18d2860, 0x00000270e18d2978]

GC Heap History (10 events):
Event: 3371.000 GC heap before
{Heap before GC invocations=19 (full 2):
 PSYoungGen      total 250368K, used 250048K [0x00000000d6f00000, 0x00000000eb300000, 0x0000000100000000)
  eden space 245760K, 100% used [0x00000000d6f00000,0x00000000e5f00000,0x00000000e5f00000)
  from space 4608K, 93% used [0x00000000eae80000,0x00000000eb2b0060,0x00000000eb300000)
  to   space 12800K, 0% used [0x00000000e9a00000,0x00000000e9a00000,0x00000000ea680000)
 ParOldGen       total 87552K, used 31120K [0x0000000084c00000, 0x000000008a180000, 0x00000000d6f00000)
  object space 87552K, 35% used [0x0000000084c00000,0x0000000086a64168,0x000000008a180000)
 Metaspace       used 51201K, capacity 56062K, committed 56192K, reserved 1097728K
  class space    used 6440K, capacity 7197K, committed 7296K, reserved 1048576K
Event: 3371.005 GC heap after
Heap after GC invocations=19 (full 2):
 PSYoungGen      total 240640K, used 4272K [0x00000000d6f00000, 0x00000000eaf00000, 0x0000000100000000)
  eden space 236032K, 0% used [0x00000000d6f00000,0x00000000d6f00000,0x00000000e5580000)
  from space 4608K, 92% used [0x00000000e9a00000,0x00000000e9e2c070,0x00000000e9e80000)
  to   space 12288K, 0% used [0x00000000ea300000,0x00000000ea300000,0x00000000eaf00000)
 ParOldGen       total 87552K, used 31128K [0x0000000084c00000, 0x000000008a180000, 0x00000000d6f00000)
  object space 87552K, 35% used [0x0000000084c00000,0x0000000086a66168,0x000000008a180000)
 Metaspace       used 51201K, capacity 56062K, committed 56192K, reserved 1097728K
  class space    used 6440K, capacity 7197K, committed 7296K, reserved 1048576K
}
Event: 3374.020 GC heap before
{Heap before GC invocations=20 (full 2):
 PSYoungGen      total 240640K, used 240304K [0x00000000d6f00000, 0x00000000eaf00000, 0x0000000100000000)
  eden space 236032K, 100% used [0x00000000d6f00000,0x00000000e5580000,0x00000000e5580000)
  from space 4608K, 92% used [0x00000000e9a00000,0x00000000e9e2c070,0x00000000e9e80000)
  to   space 12288K, 0% used [0x00000000ea300000,0x00000000ea300000,0x00000000eaf00000)
 ParOldGen       total 87552K, used 31128K [0x0000000084c00000, 0x000000008a180000, 0x00000000d6f00000)
  object space 87552K, 35% used [0x0000000084c00000,0x0000000086a66168,0x000000008a180000)
 Metaspace       used 51202K, capacity 56094K, committed 56192K, reserved 1097728K
  class space    used 6441K, capacity 7229K, committed 7296K, reserved 1048576K
Event: 3374.025 GC heap after
Heap after GC invocations=20 (full 2):
 PSYoungGen      total 231424K, used 4256K [0x00000000d6f00000, 0x00000000ea780000, 0x0000000100000000)
  eden space 226816K, 0% used [0x00000000d6f00000,0x00000000d6f00000,0x00000000e4c80000)
  from space 4608K, 92% used [0x00000000ea300000,0x00000000ea728080,0x00000000ea780000)
  to   space 12288K, 0% used [0x00000000e8f80000,0x00000000e8f80000,0x00000000e9b80000)
 ParOldGen       total 87552K, used 31136K [0x0000000084c00000, 0x000000008a180000, 0x00000000d6f00000)
  object space 87552K, 35% used [0x0000000084c00000,0x0000000086a68168,0x000000008a180000)
 Metaspace       used 51202K, capacity 56094K, committed 56192K, reserved 1097728K
  class space    used 6441K, capacity 7229K, committed 7296K, reserved 1048576K
}
Event: 3384.629 GC heap before
{Heap before GC invocations=21 (full 2):
 PSYoungGen      total 231424K, used 231072K [0x00000000d6f00000, 0x00000000ea780000, 0x0000000100000000)
  eden space 226816K, 100% used [0x00000000d6f00000,0x00000000e4c80000,0x00000000e4c80000)
  from space 4608K, 92% used [0x00000000ea300000,0x00000000ea728080,0x00000000ea780000)
  to   space 12288K, 0% used [0x00000000e8f80000,0x00000000e8f80000,0x00000000e9b80000)
 ParOldGen       total 87552K, used 31136K [0x0000000084c00000, 0x000000008a180000, 0x00000000d6f00000)
  object space 87552K, 35% used [0x0000000084c00000,0x0000000086a68168,0x000000008a180000)
 Metaspace       used 51277K, capacity 56280K, committed 56448K, reserved 1097728K
  class space    used 6459K, capacity 7260K, committed 7296K, reserved 1048576K
Event: 3384.638 GC heap after
Heap after GC invocations=21 (full 2):
 PSYoungGen      total 225792K, used 7672K [0x00000000d6f00000, 0x00000000ea380000, 0x0000000100000000)
  eden space 218112K, 0% used [0x00000000d6f00000,0x00000000d6f00000,0x00000000e4400000)
  from space 7680K, 99% used [0x00000000e8f80000,0x00000000e96fe248,0x00000000e9700000)
  to   space 12288K, 0% used [0x00000000e9780000,0x00000000e9780000,0x00000000ea380000)
 ParOldGen       total 87552K, used 31144K [0x0000000084c00000, 0x000000008a180000, 0x00000000d6f00000)
  object space 87552K, 35% used [0x0000000084c00000,0x0000000086a6a168,0x000000008a180000)
 Metaspace       used 51277K, capacity 56280K, committed 56448K, reserved 1097728K
  class space    used 6459K, capacity 7260K, committed 7296K, reserved 1048576K
}
Event: 3386.834 GC heap before
{Heap before GC invocations=22 (full 2):
 PSYoungGen      total 225792K, used 225784K [0x00000000d6f00000, 0x00000000ea380000, 0x0000000100000000)
  eden space 218112K, 100% used [0x00000000d6f00000,0x00000000e4400000,0x00000000e4400000)
  from space 7680K, 99% used [0x00000000e8f80000,0x00000000e96fe248,0x00000000e9700000)
  to   space 12288K, 0% used [0x00000000e9780000,0x00000000e9780000,0x00000000ea380000)
 ParOldGen       total 87552K, used 31144K [0x0000000084c00000, 0x000000008a180000, 0x00000000d6f00000)
  object space 87552K, 35% used [0x0000000084c00000,0x0000000086a6a168,0x000000008a180000)
 Metaspace       used 51277K, capacity 56280K, committed 56448K, reserved 1097728K
  class space    used 6459K, capacity 7260K, committed 7296K, reserved 1048576K
Event: 3386.840 GC heap after
Heap after GC invocations=22 (full 2):
 PSYoungGen      total 214528K, used 4256K [0x00000000d6f00000, 0x00000000e9c00000, 0x0000000100000000)
  eden space 209920K, 0% used [0x00000000d6f00000,0x00000000d6f00000,0x00000000e3c00000)
  from space 4608K, 92% used [0x00000000e9780000,0x00000000e9ba8080,0x00000000e9c00000)
  to   space 11776K, 0% used [0x00000000e8500000,0x00000000e8500000,0x00000000e9080000)
 ParOldGen       total 87552K, used 31152K [0x0000000084c00000, 0x000000008a180000, 0x00000000d6f00000)
  object space 87552K, 35% used [0x0000000084c00000,0x0000000086a6c168,0x000000008a180000)
 Metaspace       used 51277K, capacity 56280K, committed 56448K, reserved 1097728K
  class space    used 6459K, capacity 7260K, committed 7296K, reserved 1048576K
}
Event: 3520.643 GC heap before
{Heap before GC invocations=23 (full 2):
 PSYoungGen      total 214528K, used 214176K [0x00000000d6f00000, 0x00000000e9c00000, 0x0000000100000000)
  eden space 209920K, 100% used [0x00000000d6f00000,0x00000000e3c00000,0x00000000e3c00000)
  from space 4608K, 92% used [0x00000000e9780000,0x00000000e9ba8080,0x00000000e9c00000)
  to   space 11776K, 0% used [0x00000000e8500000,0x00000000e8500000,0x00000000e9080000)
 ParOldGen       total 87552K, used 31152K [0x0000000084c00000, 0x000000008a180000, 0x00000000d6f00000)
  object space 87552K, 35% used [0x0000000084c00000,0x0000000086a6c168,0x000000008a180000)
 Metaspace       used 51565K, capacity 56694K, committed 56832K, reserved 1099776K
  class space    used 6500K, capacity 7329K, committed 7424K, reserved 1048576K
Event: 3520.653 GC heap after
Heap after GC invocations=23 (full 2):
 PSYoungGen      total 211968K, used 9264K [0x00000000d6f00000, 0x00000000e9800000, 0x0000000100000000)
  eden space 202240K, 0% used [0x00000000d6f00000,0x00000000d6f00000,0x00000000e3480000)
  from space 9728K, 95% used [0x00000000e8500000,0x00000000e8e0c0a0,0x00000000e8e80000)
  to   space 9728K, 0% used [0x00000000e8e80000,0x00000000e8e80000,0x00000000e9800000)
 ParOldGen       total 87552K, used 31160K [0x0000000084c00000, 0x000000008a180000, 0x00000000d6f00000)
  object space 87552K, 35% used [0x0000000084c00000,0x0000000086a6e168,0x000000008a180000)
 Metaspace       used 51565K, capacity 56694K, committed 56832K, reserved 1099776K
  class space    used 6500K, capacity 7329K, committed 7424K, reserved 1048576K
}

Deoptimization events (0 events):
No events

Classes redefined (0 events):
No events

Internal exceptions (10 events):
Event: 3562.242 Thread 0x00000270f7f36800 Exception <a 'java/lang/InterruptedException': sleep interrupted> (0x00000000e06bbdc0) thrown at [C:\jenkins\workspace\8-2-build-windows-amd64-cygwin\jdk8u261\295\hotspot\src\share\vm\prims\jvm.cpp, line 3346]
Event: 3563.986 Thread 0x00000270f7f36800 Exception <a 'java/lang/InterruptedException': sleep interrupted> (0x00000000e0b08dc8) thrown at [C:\jenkins\workspace\8-2-build-windows-amd64-cygwin\jdk8u261\295\hotspot\src\share\vm\prims\jvm.cpp, line 3346]
Event: 3669.625 Thread 0x00000270f7f30800 Exception <a 'java/lang/InterruptedException': sleep interrupted> (0x00000000e23b0688) thrown at [C:\jenkins\workspace\8-2-build-windows-amd64-cygwin\jdk8u261\295\hotspot\src\share\vm\prims\jvm.cpp, line 3346]
Event: 3669.626 Thread 0x00000270f7f34000 Exception <a 'java/lang/InterruptedException': sleep interrupted> (0x00000000e23fe328) thrown at [C:\jenkins\workspace\8-2-build-windows-amd64-cygwin\jdk8u261\295\hotspot\src\share\vm\prims\jvm.cpp, line 3346]
Event: 3669.627 Thread 0x00000270f7f37000 Exception <a 'java/lang/InterruptedException': sleep interrupted> (0x00000000e244bfc8) thrown at [C:\jenkins\workspace\8-2-build-windows-amd64-cygwin\jdk8u261\295\hotspot\src\share\vm\prims\jvm.cpp, line 3346]
Event: 3669.709 Thread 0x00000270f803d800 Exception <a 'java/lang/ArrayIndexOutOfBoundsException'> (0x00000000e2dba180) thrown at [C:\jenkins\workspace\8-2-build-windows-amd64-cygwin\jdk8u261\295\hotspot\src\share\vm\runtime\sharedRuntime.cpp, line 605]
Event: 3669.712 Thread 0x00000270f803d800 Exception <a 'java/lang/ArrayIndexOutOfBoundsException'> (0x00000000e2e2ef60) thrown at [C:\jenkins\workspace\8-2-build-windows-amd64-cygwin\jdk8u261\295\hotspot\src\share\vm\runtime\sharedRuntime.cpp, line 605]
Event: 3669.715 Thread 0x00000270f803d800 Exception <a 'java/lang/ArrayIndexOutOfBoundsException'> (0x00000000e2ea49b8) thrown at [C:\jenkins\workspace\8-2-build-windows-amd64-cygwin\jdk8u261\295\hotspot\src\share\vm\runtime\sharedRuntime.cpp, line 605]
Event: 3669.718 Thread 0x00000270f803d800 Exception <a 'java/lang/ArrayIndexOutOfBoundsException'> (0x00000000e2f196c8) thrown at [C:\jenkins\workspace\8-2-build-windows-amd64-cygwin\jdk8u261\295\hotspot\src\share\vm\runtime\sharedRuntime.cpp, line 605]
Event: 3727.391 Thread 0x00000270f7f36800 Exception <a 'java/lang/InterruptedException': sleep interrupted> (0x00000000e31133b0) thrown at [C:\jenkins\workspace\8-2-build-windows-amd64-cygwin\jdk8u261\295\hotspot\src\share\vm\prims\jvm.cpp, line 3346]

Events (10 events):
Event: 3727.575 Thread 0x00000270f8041000 DEOPT UNPACKING pc=0x00000270e0627898 sp=0x000000f2ed6fa9d0 mode 1
Event: 3727.575 Thread 0x00000270f8041000 DEOPT PACKING pc=0x00000270e1386a9c sp=0x000000f2ed6fad00
Event: 3727.575 Thread 0x00000270f8041000 DEOPT UNPACKING pc=0x00000270e0627898 sp=0x000000f2ed6faa28 mode 1
Event: 3727.575 Thread 0x00000270f8041000 DEOPT PACKING pc=0x00000270e130119c sp=0x000000f2ed6fad70
Event: 3727.575 Thread 0x00000270f8041000 DEOPT UNPACKING pc=0x00000270e0627898 sp=0x000000f2ed6faac0 mode 1
Event: 3727.575 Thread 0x00000270f8041000 DEOPT PACKING pc=0x00000270e10d0164 sp=0x000000f2ed6fae10
Event: 3727.575 Thread 0x00000270f8041000 DEOPT UNPACKING pc=0x00000270e0627898 sp=0x000000f2ed6fab98 mode 1
Event: 3727.575 Thread 0x00000270f8041000 DEOPT PACKING pc=0x00000270e12c8d54 sp=0x000000f2ed6faec0
Event: 3727.575 Thread 0x00000270f8041000 DEOPT UNPACKING pc=0x00000270e0627898 sp=0x000000f2ed6fac40 mode 1
Event: 3805.341 Thread 0x00000270f7f34000 Thread added: 0x00000270f7f34000


Dynamic libraries:
0x00007ff77b860000 - 0x00007ff77b8a7000 	E:\javajdk\jdk8\bin\java.exe
0x00007ffdf5340000 - 0x00007ffdf5530000 	C:\WINDOWS\SYSTEM32\ntdll.dll
0x00007ffdf4840000 - 0x00007ffdf48f2000 	C:\WINDOWS\System32\KERNEL32.DLL
0x00007ffdf2350000 - 0x00007ffdf25f2000 	C:\WINDOWS\System32\KERNELBASE.dll
0x00007ffdf3d30000 - 0x00007ffdf3dd3000 	C:\WINDOWS\System32\ADVAPI32.dll
0x00007ffdf4770000 - 0x00007ffdf480e000 	C:\WINDOWS\System32\msvcrt.dll
0x00007ffdf4120000 - 0x00007ffdf41b7000 	C:\WINDOWS\System32\sechost.dll
0x00007ffdf51d0000 - 0x00007ffdf52f0000 	C:\WINDOWS\System32\RPCRT4.dll
0x00007ffdf41c0000 - 0x00007ffdf4353000 	C:\WINDOWS\System32\USER32.dll
0x00007ffdf2600000 - 0x00007ffdf2621000 	C:\WINDOWS\System32\win32u.dll
0x00007ffdf3260000 - 0x00007ffdf3286000 	C:\WINDOWS\System32\GDI32.dll
0x00007ffdf28d0000 - 0x00007ffdf2a64000 	C:\WINDOWS\System32\gdi32full.dll
0x00007ffdf2630000 - 0x00007ffdf26ce000 	C:\WINDOWS\System32\msvcp_win.dll
0x00007ffdf26d0000 - 0x00007ffdf27ca000 	C:\WINDOWS\System32\ucrtbase.dll
0x00007ffde36e0000 - 0x00007ffde3965000 	C:\WINDOWS\WinSxS\amd64_microsoft.windows.common-controls_6595b64144ccf1df_6.0.18362.30_none_a1435978519dce7f\COMCTL32.dll
0x00007ffdf3de0000 - 0x00007ffdf4116000 	C:\WINDOWS\System32\combase.dll
0x00007ffdf27d0000 - 0x00007ffdf2851000 	C:\WINDOWS\System32\bcryptPrimitives.dll
0x00007ffdf4810000 - 0x00007ffdf483e000 	C:\WINDOWS\System32\IMM32.DLL
0x00007ffda4d50000 - 0x00007ffda4d65000 	E:\javajdk\jdk8\jre\bin\vcruntime140.dll
0x00007ffda4cb0000 - 0x00007ffda4d4b000 	E:\javajdk\jdk8\jre\bin\msvcp140.dll
0x000000005ae50000 - 0x000000005b6bc000 	E:\javajdk\jdk8\jre\bin\server\jvm.dll
0x00007ffdf46f0000 - 0x00007ffdf46f8000 	C:\WINDOWS\System32\PSAPI.DLL
0x00007ffddf800000 - 0x00007ffddf809000 	C:\WINDOWS\SYSTEM32\WSOCK32.dll
0x00007ffdf4700000 - 0x00007ffdf476f000 	C:\WINDOWS\System32\WS2_32.dll
0x00007ffdef950000 - 0x00007ffdef974000 	C:\WINDOWS\SYSTEM32\WINMM.dll
0x00007ffded190000 - 0x00007ffded19a000 	C:\WINDOWS\SYSTEM32\VERSION.dll
0x00007ffdef820000 - 0x00007ffdef84d000 	C:\WINDOWS\SYSTEM32\WINMMBASE.dll
0x00007ffdf2880000 - 0x00007ffdf28ca000 	C:\WINDOWS\System32\cfgmgr32.dll
0x00007ffdf1890000 - 0x00007ffdf18a1000 	C:\WINDOWS\System32\kernel.appcore.dll
0x00007ffda4ca0000 - 0x00007ffda4cb0000 	E:\javajdk\jdk8\jre\bin\verify.dll
0x00007ffda4c70000 - 0x00007ffda4c9b000 	E:\javajdk\jdk8\jre\bin\java.dll
0x00007ffde2970000 - 0x00007ffde29a6000 	E:\javajdk\jdk8\jre\bin\jdwp.dll
0x00007ffdee2d0000 - 0x00007ffdee2d9000 	E:\javajdk\jdk8\jre\bin\npt.dll
0x00007ffde2930000 - 0x00007ffde2962000 	E:\javajdk\jdk8\jre\bin\instrument.dll
0x00007ffda4c50000 - 0x00007ffda4c68000 	E:\javajdk\jdk8\jre\bin\zip.dll
0x00007ffdf2a70000 - 0x00007ffdf3150000 	C:\WINDOWS\System32\SHELL32.dll
0x00007ffdf5010000 - 0x00007ffdf50b9000 	C:\WINDOWS\System32\shcore.dll
0x00007ffdf1940000 - 0x00007ffdf20bb000 	C:\WINDOWS\System32\windows.storage.dll
0x00007ffdf18d0000 - 0x00007ffdf18ef000 	C:\WINDOWS\System32\profapi.dll
0x00007ffdf18f0000 - 0x00007ffdf193a000 	C:\WINDOWS\System32\powrprof.dll
0x00007ffdf1880000 - 0x00007ffdf1890000 	C:\WINDOWS\System32\UMPDC.dll
0x00007ffdf4360000 - 0x00007ffdf43b2000 	C:\WINDOWS\System32\shlwapi.dll
0x00007ffdf2860000 - 0x00007ffdf2877000 	C:\WINDOWS\System32\cryptsp.dll
0x00007ffdee2b0000 - 0x00007ffdee2ba000 	E:\javajdk\jdk8\jre\bin\dt_socket.dll
0x00007ffdf1090000 - 0x00007ffdf10f7000 	C:\WINDOWS\system32\mswsock.dll
0x00007ffda4bc0000 - 0x00007ffda4bdc000 	E:\javajdk\jdk8\jre\bin\net.dll
0x00007ffdf0e30000 - 0x00007ffdf0efa000 	C:\WINDOWS\SYSTEM32\DNSAPI.dll
0x00007ffdf4660000 - 0x00007ffdf4668000 	C:\WINDOWS\System32\NSI.dll
0x00007ffdf0df0000 - 0x00007ffdf0e2a000 	C:\WINDOWS\SYSTEM32\IPHLPAPI.DLL
0x00007ffde4d30000 - 0x00007ffde4d3a000 	C:\Windows\System32\rasadhlp.dll
0x00007ffdeadd0000 - 0x00007ffdeae47000 	C:\WINDOWS\System32\fwpuclnt.dll
0x00007ffdf22c0000 - 0x00007ffdf22e6000 	C:\WINDOWS\System32\bcrypt.dll
0x00007ffdee2a0000 - 0x00007ffdee2ad000 	E:\javajdk\jdk8\jre\bin\management.dll
0x00007ffda4b00000 - 0x00007ffda4b13000 	E:\javajdk\jdk8\jre\bin\nio.dll
0x00007ffdf0c50000 - 0x00007ffdf0c83000 	C:\WINDOWS\system32\rsaenh.dll
0x00007ffdf17a0000 - 0x00007ffdf17c5000 	C:\WINDOWS\SYSTEM32\USERENV.dll
0x00007ffdf1260000 - 0x00007ffdf126c000 	C:\WINDOWS\SYSTEM32\CRYPTBASE.dll
0x00007ffdec050000 - 0x00007ffdec066000 	C:\WINDOWS\SYSTEM32\dhcpcsvc6.DLL
0x00007ffdeb480000 - 0x00007ffdeb49c000 	C:\WINDOWS\SYSTEM32\dhcpcsvc.DLL
0x00007ffdd1ea0000 - 0x00007ffdd1eb6000 	C:\WINDOWS\system32\napinsp.dll
0x00007ffdd1e80000 - 0x00007ffdd1e9a000 	C:\WINDOWS\system32\pnrpnsp.dll
0x00007ffdd1b20000 - 0x00007ffdd1b2e000 	C:\WINDOWS\System32\winrnr.dll
0x00007ffdee220000 - 0x00007ffdee23c000 	C:\WINDOWS\system32\NLAapi.dll
0x00007ffdd1b00000 - 0x00007ffdd1b15000 	C:\WINDOWS\system32\wshbth.dll
0x00007ffde2900000 - 0x00007ffde2924000 	E:\javajdk\jdk8\jre\bin\sunec.dll
0x00007ffde28f0000 - 0x00007ffde28fd000 	E:\javajdk\jdk8\jre\bin\sunmscapi.dll
0x00007ffdf20c0000 - 0x00007ffdf2209000 	C:\WINDOWS\System32\CRYPT32.dll
0x00007ffdf18b0000 - 0x00007ffdf18c2000 	C:\WINDOWS\System32\MSASN1.dll
0x00007ffdf13c0000 - 0x00007ffdf13e6000 	C:\WINDOWS\SYSTEM32\ncrypt.dll
0x00007ffdf1380000 - 0x00007ffdf13bb000 	C:\WINDOWS\SYSTEM32\NTASN1.dll

VM Arguments:
jvm_args: -agentlib:jdwp=transport=dt_socket,address=127.0.0.1:52107,suspend=y,server=n -XX:TieredStopAtLevel=1 -Xverify:none -Dspring.output.ansi.enabled=always -Dcom.sun.management.jmxremote -Dspring.jmx.enabled=true -Dspring.liveBeansView.mbeanDomain -Dspring.application.admin.enabled=true -javaagent:C:\Users\abc\AppData\Local\JetBrains\IntelliJIdea2020.2\captureAgent\debugger-agent.jar -Dfile.encoding=UTF-8 
java_command: com.BSMES.jd.JdApplication
java_class_path (initial): E:\javajdk\jdk8\jre\lib\charsets.jar;E:\javajdk\jdk8\jre\lib\deploy.jar;E:\javajdk\jdk8\jre\lib\ext\access-bridge-64.jar;E:\javajdk\jdk8\jre\lib\ext\cldrdata.jar;E:\javajdk\jdk8\jre\lib\ext\dnsns.jar;E:\javajdk\jdk8\jre\lib\ext\jaccess.jar;E:\javajdk\jdk8\jre\lib\ext\jfxrt.jar;E:\javajdk\jdk8\jre\lib\ext\localedata.jar;E:\javajdk\jdk8\jre\lib\ext\nashorn.jar;E:\javajdk\jdk8\jre\lib\ext\sunec.jar;E:\javajdk\jdk8\jre\lib\ext\sunjce_provider.jar;E:\javajdk\jdk8\jre\lib\ext\sunmscapi.jar;E:\javajdk\jdk8\jre\lib\ext\sunpkcs11.jar;E:\javajdk\jdk8\jre\lib\ext\zipfs.jar;E:\javajdk\jdk8\jre\lib\javaws.jar;E:\javajdk\jdk8\jre\lib\jce.jar;E:\javajdk\jdk8\jre\lib\jfr.jar;E:\javajdk\jdk8\jre\lib\jfxswt.jar;E:\javajdk\jdk8\jre\lib\jsse.jar;E:\javajdk\jdk8\jre\lib\management-agent.jar;E:\javajdk\jdk8\jre\lib\plugin.jar;E:\javajdk\jdk8\jre\lib\resources.jar;E:\javajdk\jdk8\jre\lib\rt.jar;E:\java\jd\target\classes;C:\Users\abc\.m2\repository\org\springframework\boot\spring-boot-starter-web\2.3.4.RELEASE\spring-boot-starter-web-2.3.4.RELEASE.jar;C:\Users\abc\.m2\repository\org\springframework\boot\spring-boot-starter\2.3.4.RELEASE\spring-boot-starter-2.3.4.RELEASE.jar;C:\Users\abc\.m2\repository\org\springframework\boot\spring-boot\2.3.4.RELEASE\spring-boot-2.3.4.RELEASE.jar;C:\Users\abc\.m2\repository\org\springframework\boot\spring-boot-starter-logging\2.3.4.RELEASE\spring-boot-starter-logging-2.3.4.RELEASE.jar;C:\Users\abc\.m2\repository\ch\qos\logback\logback-classic\1.2.3\logback-classic-1.2.3.jar;C:\Users\abc\.m2\repository\ch\qos\logback\logback-core\1.2.3\logback-core-1.2.3.jar;C:\Users\abc\.m2\repository\org\apache\logging\log4j\log4j-to-slf4j\2.13.3\log4j-to-slf4j-2.13.3.jar;C:\Users\abc\.m2\repository\org\apache\logging\log4j\log4j-api\2.13.3\log4j-api-2.13.3.jar;C:\Users\abc\.m2\repository\org\slf4j\jul-to-slf4j\1.7.30\jul-to-slf4j-1.7.30.jar;C:\Users\abc\.m2\repository\jakarta\annotation\jakarta.annotation-api\1.3.5\jakarta.annotation-api-1.3
Launcher Type: SUN_STANDARD

Environment Variables:
JAVA_HOME=E:\javajdk\jdk8
CLASSPATH=.;E:\javajdk\jdk8\lib;E:\javajdk\jdk8\lib\tools.jar
PATH=C:\Program Files (x86)\Common Files\Oracle\Java\javapath;C:\WINDOWS\system32;C:\WINDOWS;C:\WINDOWS\System32\Wbem;C:\WINDOWS\System32\WindowsPowerShell\v1.0\;C:\Program Files\Git\cmd;C:\Program Files\Git\mingw64\bin;C:\Program Files\Git\usr\bin;C:\Program Files\TortoiseGit\bin;E:\Microsoft VS Code\bin;C:\WINDOWS\System32\OpenSSH\;E:\nvm\nvm;E:\node;E:\mysql\mysql-5.7.31-winx64\bin;"E:\javajdk\jdk8\bin;E:\javajdk\jdk8\jre\bin;";E:\redis\;F:\sftp\WinSCP\;E:\sqlServer2012\gx\110\Tools\Binn\;E:\sqlServer2012\110\Tools\Binn\;E:\sqlServer2012\110\DTS\Binn\;E:\sqlServer2012\gx\110\Tools\Binn\ManagementStudio\;E:\sqlServer2012\gx\110\DTS\Binn\;C:\Users\abc\.m2\wrapper\dists\apache-maven-3.6.0-bin\2dakv70gp803gtm5ve1ufmvttn\apache-maven-3.6.0\bin;C:\Users\abc\AppData\Local\Programs\Python\Python37\Scripts\;C:\Users\abc\AppData\Local\Programs\Python\Python37\;Microsoft VS Code\bin;C:\Users\abc\AppData\Local\Microsoft\WindowsApps;E:\pycharm\PyCharm 2020.1\bin;;E:\nvm\nvm;E:\node;E:\vscode\Microsoft VS Code\bin;E:\idea\IntelliJ IDEA 2020.2\bin;;
USERNAME=abc
OS=Windows_NT
PROCESSOR_IDENTIFIER=Intel64 Family 6 Model 94 Stepping 3, GenuineIntel



---------------  S Y S T E M  ---------------

OS: Windows 10.0 , 64 bit Build 18362 (10.0.18362.1)

CPU:total 4 (initial active 4) (4 cores per cpu, 1 threads per core) family 6 model 94 stepping 3, cmov, cx8, fxsr, mmx, sse, sse2, sse3, ssse3, sse4.1, sse4.2, popcnt, avx, avx2, aes, clmul, erms, 3dnowpref, lzcnt, tsc, tscinvbit, bmi1, bmi2, adx

Memory: 4k page, physical 8071784k(523880k free), swap 22653360k(0k free)

vm_info: Java HotSpot(TM) 64-Bit Server VM (25.261-b12) for windows-amd64 JRE (1.8.0_261-b12), built on Jun 18 2020 06:56:32 by "" with unknown MS VC++:1916

time: Mon Oct 26 21:06:49 2020
timezone: ?D1¨²¡À¨º¡Á?¨º¡À??
elapsed time: 3805 seconds (0d 1h 3m 25s)

